2015-04-17 15:44:50,961 INFO  io.prediction.tools.console.Console$ [main] - Creating Event Server at 0.0.0.0:7070
2015-04-17 15:44:52,366 WARN  org.apache.hadoop.util.NativeCodeLoader [main] - Unable to load native-hadoop library for your platform... using builtin-java classes where applicable
2015-04-17 15:44:59,883 INFO  spray.can.server.HttpListener [EventServerSystem-akka.actor.default-dispatcher-3] - Bound to /0.0.0.0:7070
2015-04-17 15:44:59,884 INFO  io.prediction.data.api.EventServerActor [EventServerSystem-akka.actor.default-dispatcher-3] - Bound received. EventServer is ready.
2015-04-17 15:45:16,617 WARN  org.apache.hadoop.util.NativeCodeLoader [main] - Unable to load native-hadoop library for your platform... using builtin-java classes where applicable
2015-04-17 15:45:27,744 INFO  io.prediction.data.storage.hbase.HBLEvents [main] - The table predictionio_eventdata:events_5 doesn't exist yet. Creating now...
2015-04-17 15:45:28,059 INFO  io.prediction.tools.console.App$ [main] - Initialized Event Store for this app ID: 5.
2015-04-17 15:45:28,083 INFO  io.prediction.tools.console.App$ [main] - Created new app:
2015-04-17 15:45:28,083 INFO  io.prediction.tools.console.App$ [main] -       Name: TextApp1
2015-04-17 15:45:28,084 INFO  io.prediction.tools.console.App$ [main] -         ID: 5
2015-04-17 15:45:28,084 INFO  io.prediction.tools.console.App$ [main] - Access Key: IHeGYSNna0a1vNPnk9TNulOW1qzIhrI23JiMurUKK555ePCOzdCOFInZ0iS6cMdK
2015-04-17 16:00:13,198 INFO  io.prediction.tools.console.App$ [main] - The data of the following app will be deleted. Are you sure?
2015-04-17 16:00:13,200 INFO  io.prediction.tools.console.App$ [main] -     App Name: TextApp1
2015-04-17 16:00:13,201 INFO  io.prediction.tools.console.App$ [main] -       App ID: 5
2015-04-17 16:00:13,201 INFO  io.prediction.tools.console.App$ [main] -  Description: None
2015-04-17 16:00:15,699 WARN  org.apache.hadoop.util.NativeCodeLoader [main] - Unable to load native-hadoop library for your platform... using builtin-java classes where applicable
2015-04-17 16:00:26,782 INFO  io.prediction.data.storage.hbase.HBLEvents [main] - Removing table predictionio_eventdata:events_5...
2015-04-17 16:00:32,086 INFO  io.prediction.tools.console.App$ [main] - Removed Event Store for this app ID: 5
2015-04-17 16:00:32,227 INFO  io.prediction.data.storage.hbase.HBLEvents [main] - The table predictionio_eventdata:events_5 doesn't exist yet. Creating now...
2015-04-17 16:00:37,570 INFO  io.prediction.tools.console.App$ [main] - Initialized Event Store for this app ID: 5.
2015-04-17 16:00:37,672 INFO  io.prediction.tools.console.App$ [main] - Done.
2015-04-17 22:24:39,857 WARN  org.apache.hadoop.hbase.client.HConnectionManager$HConnectionImplementation [main-EventThread] - This client just lost it's session with ZooKeeper, closing it. It will be recreated next time someone needs it
org.apache.zookeeper.KeeperException$SessionExpiredException: KeeperErrorCode = Session expired
	at org.apache.hadoop.hbase.zookeeper.ZooKeeperWatcher.connectionEvent(ZooKeeperWatcher.java:401)
	at org.apache.hadoop.hbase.zookeeper.ZooKeeperWatcher.process(ZooKeeperWatcher.java:319)
	at org.apache.zookeeper.ClientCnxn$EventThread.processEvent(ClientCnxn.java:522)
	at org.apache.zookeeper.ClientCnxn$EventThread.run(ClientCnxn.java:498)
2015-04-20 01:44:03,926 INFO  io.prediction.tools.console.Console$ [main] - Creating Event Server at 0.0.0.0:7070
2015-04-20 01:44:05,592 WARN  org.apache.hadoop.util.NativeCodeLoader [main] - Unable to load native-hadoop library for your platform... using builtin-java classes where applicable
2015-04-20 01:44:06,430 ERROR io.prediction.data.storage.hbase.StorageClient [main] - HBase master is not running (ZooKeeper ensemble: localhost). Please make sure that HBase is running properly, and that the configuration is pointing at the correct ZooKeeper ensemble.
2015-04-20 01:44:06,431 ERROR io.prediction.data.storage.Storage$ [main] - Error initializing storage client for source HBASE
2015-04-20 01:44:06,431 ERROR io.prediction.data.storage.Storage$ [main] - com.google.protobuf.ServiceException: org.apache.hadoop.hbase.ipc.RemoteWithExtrasException(org.apache.hadoop.hbase.ipc.ServerNotRunningYetException): org.apache.hadoop.hbase.ipc.ServerNotRunningYetException: Server 192.168.1.56/192.168.1.56:55282 is not running yet
	at org.apache.hadoop.hbase.ipc.CallRunner.run(CallRunner.java:98)
	at org.apache.hadoop.hbase.ipc.FifoRpcScheduler$1.run(FifoRpcScheduler.java:74)
	at java.util.concurrent.Executors$RunnableAdapter.call(Executors.java:511)
	at java.util.concurrent.FutureTask.run(FutureTask.java:266)
	at java.util.concurrent.ThreadPoolExecutor.runWorker(ThreadPoolExecutor.java:1142)
	at java.util.concurrent.ThreadPoolExecutor$Worker.run(ThreadPoolExecutor.java:617)
	at java.lang.Thread.run(Thread.java:745)

2015-04-20 01:44:10,443 INFO  io.prediction.tools.console.App$ [main] -                 Name |   ID |                                                       Access Key | Allowed Event(s)
2015-04-20 01:44:10,584 INFO  io.prediction.tools.console.App$ [main] -      FinalDeployTest |    4 | 3p42NlUE6uqwOX39vGSd0djm6QvdgiriZ1lmQnzPinPjHiYnaimxr5KP89s9ue53 | (all)
2015-04-20 01:44:10,593 INFO  io.prediction.tools.console.App$ [main] -               MyApp1 |    1 | ddu1ynBz4ONm9bxqPE73RvagJeQNNauZkHU5CsH3h5CFJU6rKM5Kc0uiezP7ZCLw | (all)
2015-04-20 01:44:10,601 INFO  io.prediction.tools.console.App$ [main] -               MyApp2 |    2 | Ou8SV0FJoP84LfSyXy3cBLV2TgWSHV9q2BiNgQLy4Zuji0RiJ6nfNKMp8kUGdC9O | (all)
2015-04-20 01:44:10,611 INFO  io.prediction.tools.console.App$ [main] -               PTest1 |    3 | TO4tXr8YDZHdzWo3EH0KMtE8JwOP0GEz8gqVEpVB31GzNHD6ILSJNLXNlNrZNTBn | (all)
2015-04-20 01:44:10,622 INFO  io.prediction.tools.console.App$ [main] -             TextApp1 |    5 | IHeGYSNna0a1vNPnk9TNulOW1qzIhrI23JiMurUKK555ePCOzdCOFInZ0iS6cMdK | (all)
2015-04-20 01:44:10,623 INFO  io.prediction.tools.console.App$ [main] - Finished listing 5 app(s).
2015-04-20 01:45:35,019 INFO  io.prediction.tools.console.App$ [main] - The data of the following app will be deleted. Are you sure?
2015-04-20 01:45:35,022 INFO  io.prediction.tools.console.App$ [main] -     App Name: TextApp1
2015-04-20 01:45:35,023 INFO  io.prediction.tools.console.App$ [main] -       App ID: 5
2015-04-20 01:45:35,023 INFO  io.prediction.tools.console.App$ [main] -  Description: None
2015-04-20 01:45:37,369 INFO  io.prediction.tools.console.App$ [main] - Aborted.
2015-04-20 01:45:41,896 INFO  io.prediction.tools.console.App$ [main] - The data of the following app will be deleted. Are you sure?
2015-04-20 01:45:41,898 INFO  io.prediction.tools.console.App$ [main] -     App Name: TextApp1
2015-04-20 01:45:41,898 INFO  io.prediction.tools.console.App$ [main] -       App ID: 5
2015-04-20 01:45:41,899 INFO  io.prediction.tools.console.App$ [main] -  Description: None
2015-04-20 01:45:43,735 WARN  org.apache.hadoop.util.NativeCodeLoader [main] - Unable to load native-hadoop library for your platform... using builtin-java classes where applicable
2015-04-20 01:45:49,759 INFO  io.prediction.data.storage.hbase.HBLEvents [main] - Removing table predictionio_eventdata:events_5...
2015-04-20 01:45:56,243 INFO  io.prediction.tools.console.App$ [main] - Removed Event Store for this app ID: 5
2015-04-20 01:46:01,473 INFO  io.prediction.data.storage.hbase.HBLEvents [main] - The table predictionio_eventdata:events_5 doesn't exist yet. Creating now...
2015-04-20 01:46:01,756 INFO  io.prediction.tools.console.App$ [main] - Initialized Event Store for this app ID: 5.
2015-04-20 01:46:01,860 INFO  io.prediction.tools.console.App$ [main] - Done.
2015-04-20 01:46:33,030 INFO  io.prediction.tools.console.App$ [main] -                 Name |   ID |                                                       Access Key | Allowed Event(s)
2015-04-20 01:46:33,083 INFO  io.prediction.tools.console.App$ [main] -      FinalDeployTest |    4 | 3p42NlUE6uqwOX39vGSd0djm6QvdgiriZ1lmQnzPinPjHiYnaimxr5KP89s9ue53 | (all)
2015-04-20 01:46:33,102 INFO  io.prediction.tools.console.App$ [main] -               MyApp1 |    1 | ddu1ynBz4ONm9bxqPE73RvagJeQNNauZkHU5CsH3h5CFJU6rKM5Kc0uiezP7ZCLw | (all)
2015-04-20 01:46:33,115 INFO  io.prediction.tools.console.App$ [main] -               MyApp2 |    2 | Ou8SV0FJoP84LfSyXy3cBLV2TgWSHV9q2BiNgQLy4Zuji0RiJ6nfNKMp8kUGdC9O | (all)
2015-04-20 01:46:33,125 INFO  io.prediction.tools.console.App$ [main] -               PTest1 |    3 | TO4tXr8YDZHdzWo3EH0KMtE8JwOP0GEz8gqVEpVB31GzNHD6ILSJNLXNlNrZNTBn | (all)
2015-04-20 01:46:33,136 INFO  io.prediction.tools.console.App$ [main] -             TextApp1 |    5 | IHeGYSNna0a1vNPnk9TNulOW1qzIhrI23JiMurUKK555ePCOzdCOFInZ0iS6cMdK | (all)
2015-04-20 01:46:33,137 INFO  io.prediction.tools.console.App$ [main] - Finished listing 5 app(s).
2015-04-20 02:00:19,046 INFO  io.prediction.tools.console.App$ [main] -                 Name |   ID |                                                       Access Key | Allowed Event(s)
2015-04-20 02:00:19,097 INFO  io.prediction.tools.console.App$ [main] -      FinalDeployTest |    4 | 3p42NlUE6uqwOX39vGSd0djm6QvdgiriZ1lmQnzPinPjHiYnaimxr5KP89s9ue53 | (all)
2015-04-20 02:00:19,114 INFO  io.prediction.tools.console.App$ [main] -               MyApp1 |    1 | ddu1ynBz4ONm9bxqPE73RvagJeQNNauZkHU5CsH3h5CFJU6rKM5Kc0uiezP7ZCLw | (all)
2015-04-20 02:00:19,121 INFO  io.prediction.tools.console.App$ [main] -               MyApp2 |    2 | Ou8SV0FJoP84LfSyXy3cBLV2TgWSHV9q2BiNgQLy4Zuji0RiJ6nfNKMp8kUGdC9O | (all)
2015-04-20 02:00:19,126 INFO  io.prediction.tools.console.App$ [main] -               PTest1 |    3 | TO4tXr8YDZHdzWo3EH0KMtE8JwOP0GEz8gqVEpVB31GzNHD6ILSJNLXNlNrZNTBn | (all)
2015-04-20 02:00:19,134 INFO  io.prediction.tools.console.App$ [main] -             TextApp1 |    5 | IHeGYSNna0a1vNPnk9TNulOW1qzIhrI23JiMurUKK555ePCOzdCOFInZ0iS6cMdK | (all)
2015-04-20 02:00:19,135 INFO  io.prediction.tools.console.App$ [main] - Finished listing 5 app(s).
2015-04-20 02:01:53,889 INFO  io.prediction.tools.console.Console$ [main] - Creating Event Server at 0.0.0.0:7070
2015-04-20 02:01:55,672 WARN  org.apache.hadoop.util.NativeCodeLoader [main] - Unable to load native-hadoop library for your platform... using builtin-java classes where applicable
2015-04-20 02:02:08,254 INFO  spray.can.server.HttpListener [EventServerSystem-akka.actor.default-dispatcher-3] - Bound to /0.0.0.0:7070
2015-04-20 02:02:08,255 INFO  io.prediction.data.api.EventServerActor [EventServerSystem-akka.actor.default-dispatcher-3] - Bound received. EventServer is ready.
2015-04-20 02:43:04,293 INFO  io.prediction.tools.console.Console$ [main] - Creating Event Server at 0.0.0.0:7070
2015-04-20 02:43:06,376 WARN  org.apache.hadoop.util.NativeCodeLoader [main] - Unable to load native-hadoop library for your platform... using builtin-java classes where applicable
2015-04-20 02:43:10,491 INFO  spray.can.server.HttpListener [EventServerSystem-akka.actor.default-dispatcher-2] - Bound to /0.0.0.0:7070
2015-04-20 02:43:10,492 INFO  io.prediction.data.api.EventServerActor [EventServerSystem-akka.actor.default-dispatcher-2] - Bound received. EventServer is ready.
2015-04-20 06:45:43,606 WARN  org.apache.hadoop.hbase.client.HConnectionManager$HConnectionImplementation [main-EventThread] - This client just lost it's session with ZooKeeper, closing it. It will be recreated next time someone needs it
org.apache.zookeeper.KeeperException$SessionExpiredException: KeeperErrorCode = Session expired
	at org.apache.hadoop.hbase.zookeeper.ZooKeeperWatcher.connectionEvent(ZooKeeperWatcher.java:401)
	at org.apache.hadoop.hbase.zookeeper.ZooKeeperWatcher.process(ZooKeeperWatcher.java:319)
	at org.apache.zookeeper.ClientCnxn$EventThread.processEvent(ClientCnxn.java:522)
	at org.apache.zookeeper.ClientCnxn$EventThread.run(ClientCnxn.java:498)
2015-04-20 23:58:42,439 INFO  io.prediction.tools.console.Console$ [main] - Using command '/Users/Marco/PredictionIO/sbt/sbt' at the current working directory to build.
2015-04-20 23:58:42,441 INFO  io.prediction.tools.console.Console$ [main] - If the path above is incorrect, this process will fail.
2015-04-20 23:58:42,442 INFO  io.prediction.tools.console.Console$ [main] - Uber JAR disabled. Making sure lib/pio-assembly-0.9.1.jar is absent.
2015-04-20 23:58:42,443 INFO  io.prediction.tools.console.Console$ [main] - Going to run: /Users/Marco/PredictionIO/sbt/sbt  package assemblyPackageDependency
2015-04-21 00:15:25,140 INFO  io.prediction.tools.console.Console$ [main] - Creating Event Server at 0.0.0.0:7070
2015-04-21 00:15:26,667 WARN  org.apache.hadoop.util.NativeCodeLoader [main] - Unable to load native-hadoop library for your platform... using builtin-java classes where applicable
2015-04-21 00:15:35,273 INFO  spray.can.server.HttpListener [EventServerSystem-akka.actor.default-dispatcher-3] - Bound to /0.0.0.0:7070
2015-04-21 00:15:35,274 INFO  io.prediction.data.api.EventServerActor [EventServerSystem-akka.actor.default-dispatcher-3] - Bound received. EventServer is ready.
2015-04-21 00:15:36,546 INFO  io.prediction.tools.console.App$ [main] -                 Name |   ID |                                                       Access Key | Allowed Event(s)
2015-04-21 00:15:36,663 INFO  io.prediction.tools.console.App$ [main] -      FinalDeployTest |    4 | 3p42NlUE6uqwOX39vGSd0djm6QvdgiriZ1lmQnzPinPjHiYnaimxr5KP89s9ue53 | (all)
2015-04-21 00:15:36,673 INFO  io.prediction.tools.console.App$ [main] -               MyApp1 |    1 | ddu1ynBz4ONm9bxqPE73RvagJeQNNauZkHU5CsH3h5CFJU6rKM5Kc0uiezP7ZCLw | (all)
2015-04-21 00:15:36,681 INFO  io.prediction.tools.console.App$ [main] -               MyApp2 |    2 | Ou8SV0FJoP84LfSyXy3cBLV2TgWSHV9q2BiNgQLy4Zuji0RiJ6nfNKMp8kUGdC9O | (all)
2015-04-21 00:15:36,688 INFO  io.prediction.tools.console.App$ [main] -               PTest1 |    3 | TO4tXr8YDZHdzWo3EH0KMtE8JwOP0GEz8gqVEpVB31GzNHD6ILSJNLXNlNrZNTBn | (all)
2015-04-21 00:15:36,697 INFO  io.prediction.tools.console.App$ [main] -             TextApp1 |    5 | IHeGYSNna0a1vNPnk9TNulOW1qzIhrI23JiMurUKK555ePCOzdCOFInZ0iS6cMdK | (all)
2015-04-21 00:15:36,701 INFO  io.prediction.tools.console.App$ [main] - Finished listing 5 app(s).
2015-04-21 00:15:50,523 ERROR io.prediction.tools.console.App$ [main] - App TextaPP1 does not exist. Aborting.
2015-04-21 00:15:58,989 INFO  io.prediction.tools.console.App$ [main] - The data of the following app will be deleted. Are you sure?
2015-04-21 00:15:58,991 INFO  io.prediction.tools.console.App$ [main] -     App Name: TextApp1
2015-04-21 00:15:58,992 INFO  io.prediction.tools.console.App$ [main] -       App ID: 5
2015-04-21 00:15:58,992 INFO  io.prediction.tools.console.App$ [main] -  Description: None
2015-04-21 00:16:01,352 INFO  io.prediction.tools.console.App$ [main] - Aborted.
2015-04-21 00:16:05,417 INFO  io.prediction.tools.console.App$ [main] - The data of the following app will be deleted. Are you sure?
2015-04-21 00:16:05,419 INFO  io.prediction.tools.console.App$ [main] -     App Name: TextApp1
2015-04-21 00:16:05,419 INFO  io.prediction.tools.console.App$ [main] -       App ID: 5
2015-04-21 00:16:05,420 INFO  io.prediction.tools.console.App$ [main] -  Description: None
2015-04-21 00:16:06,945 WARN  org.apache.hadoop.util.NativeCodeLoader [main] - Unable to load native-hadoop library for your platform... using builtin-java classes where applicable
2015-04-21 00:16:23,231 INFO  io.prediction.data.storage.hbase.HBLEvents [main] - Removing table predictionio_eventdata:events_5...
2015-04-21 00:16:28,630 INFO  io.prediction.tools.console.App$ [main] - Removed Event Store for this app ID: 5
2015-04-21 00:16:33,875 INFO  io.prediction.data.storage.hbase.HBLEvents [main] - The table predictionio_eventdata:events_5 doesn't exist yet. Creating now...
2015-04-21 00:16:39,263 INFO  io.prediction.tools.console.App$ [main] - Initialized Event Store for this app ID: 5.
2015-04-21 00:16:39,367 INFO  io.prediction.tools.console.App$ [main] - Done.
2015-04-21 00:16:45,460 INFO  io.prediction.tools.console.App$ [main] -                 Name |   ID |                                                       Access Key | Allowed Event(s)
2015-04-21 00:16:45,531 INFO  io.prediction.tools.console.App$ [main] -      FinalDeployTest |    4 | 3p42NlUE6uqwOX39vGSd0djm6QvdgiriZ1lmQnzPinPjHiYnaimxr5KP89s9ue53 | (all)
2015-04-21 00:16:45,540 INFO  io.prediction.tools.console.App$ [main] -               MyApp1 |    1 | ddu1ynBz4ONm9bxqPE73RvagJeQNNauZkHU5CsH3h5CFJU6rKM5Kc0uiezP7ZCLw | (all)
2015-04-21 00:16:45,548 INFO  io.prediction.tools.console.App$ [main] -               MyApp2 |    2 | Ou8SV0FJoP84LfSyXy3cBLV2TgWSHV9q2BiNgQLy4Zuji0RiJ6nfNKMp8kUGdC9O | (all)
2015-04-21 00:16:45,554 INFO  io.prediction.tools.console.App$ [main] -               PTest1 |    3 | TO4tXr8YDZHdzWo3EH0KMtE8JwOP0GEz8gqVEpVB31GzNHD6ILSJNLXNlNrZNTBn | (all)
2015-04-21 00:16:45,561 INFO  io.prediction.tools.console.App$ [main] -             TextApp1 |    5 | IHeGYSNna0a1vNPnk9TNulOW1qzIhrI23JiMurUKK555ePCOzdCOFInZ0iS6cMdK | (all)
2015-04-21 00:16:45,561 INFO  io.prediction.tools.console.App$ [main] - Finished listing 5 app(s).
2015-04-21 00:17:52,086 INFO  io.prediction.tools.console.Console$ [main] - Using existing engine manifest JSON at /Users/Marco/TextManipulationEngine/manifest.json
2015-04-21 00:17:52,121 INFO  io.prediction.tools.console.Console$ [main] - Using command '/Users/Marco/PredictionIO/sbt/sbt' at the current working directory to build.
2015-04-21 00:17:52,122 INFO  io.prediction.tools.console.Console$ [main] - If the path above is incorrect, this process will fail.
2015-04-21 00:17:52,124 INFO  io.prediction.tools.console.Console$ [main] - Uber JAR disabled. Making sure lib/pio-assembly-0.9.1.jar is absent.
2015-04-21 00:17:52,124 INFO  io.prediction.tools.console.Console$ [main] - Going to run: /Users/Marco/PredictionIO/sbt/sbt  package assemblyPackageDependency
2015-04-21 00:18:12,381 ERROR io.prediction.tools.console.Console$ [Thread-2] - [0m[[31merror[0m] [0m/Users/Marco/TextManipulationEngine/src/main/scala/TextManipulationEngine/CountVectorizer.scala:37: value foreach is not a member of java.util.Iterator[opennlp.tools.util.StringList][0m
2015-04-21 00:18:12,382 ERROR io.prediction.tools.console.Console$ [Thread-2] - [0m[[31merror[0m] [0m    for (x <- model.iterator)[0m
2015-04-21 00:18:12,382 ERROR io.prediction.tools.console.Console$ [Thread-2] - [0m[[31merror[0m] [0m                    ^[0m
2015-04-21 00:18:12,926 ERROR io.prediction.tools.console.Console$ [Thread-2] - [0m[[31merror[0m] [0m/Users/Marco/TextManipulationEngine/src/main/scala/TextManipulationEngine/Model.scala:13: `abstract' modifier can be used only for classes; it should be omitted for abstract members[0m
2015-04-21 00:18:12,928 ERROR io.prediction.tools.console.Console$ [Thread-2] - [0m[[31merror[0m] [0m  abstract def predict(doc: String): PredictedResult[0m
2015-04-21 00:18:12,928 ERROR io.prediction.tools.console.Console$ [Thread-2] - [0m[[31merror[0m] [0m               ^[0m
2015-04-21 00:18:13,174 ERROR io.prediction.tools.console.Console$ [Thread-2] - [0m[[31merror[0m] [0mtwo errors found[0m
2015-04-21 00:18:13,199 ERROR io.prediction.tools.console.Console$ [Thread-2] - [0m[[31merror[0m] [0m(compile:[31mcompile[0m) Compilation failed[0m
2015-04-21 00:18:13,203 ERROR io.prediction.tools.console.Console$ [Thread-2] - [0m[[31merror[0m] [0mTotal time: 10 s, completed Apr 21, 2015 12:18:13 AM[0m
2015-04-21 00:18:13,374 ERROR io.prediction.tools.console.Console$ [main] - Return code of previous step is 1. Aborting.
